I1006 14:51:19.926287   12108 load.go:31] Reloading schema and connectors...
I1006 14:51:19.955055   12108 control.go:94] [/emulator/frontend 3bcb] UpdateResources(): done
Main schema: sources: schema\schema.gql [1992B] 
Connector "example": sources: example\mutations.gql [1243B] example\queries.gql [1801B] 
I1006 14:51:19.984037   12108 codegen.go:82] [connector "example" javascriptSdk] Generating sources into "D:\\farmalynk\\frontend\\src\\dataconnect-generated"
I1006 14:51:19.999311   12108 collector.go:107] schema extensions wrote into "D:\\farmalynk\\frontend\\dataconnect\\.dataconnect\\schema"
Generated sources: main\mutation.gql [13679B] prelude.gql [73219B] main\implicit.gql [1261B] main\input.gql [28173B] main\relation.gql [13746B] main\query.gql [5099B] 
I1006 14:51:20.001718   12108 collector.go:107] connector "example" javascriptSdk wrote into "D:\\farmalynk\\frontend\\src\\dataconnect-generated"
Generated sources: react\esm\index.esm.js [3269B] .guides/usage.md [3489B] .guides/setup.md [1682B] esm\index.esm.js [3561B] index.cjs.js [4051B] README.md [40931B] react\index.d.ts [3961B] react\package.json [460B] react\esm\package.json [17B] react\README.md [48299B] index.d.ts [8025B] esm\package.json [17B] package.json [863B] react\index.cjs.js [3439B] 
I1006 14:51:20.012105   12108 installsdk.go:55] Package @dataconnect/generated is already installed. Skipping installation
I1006 14:51:20.014909   12108 load.go:109] Finished reloading
I1006 14:51:20.029843   12108 dev.go:102] Listening on address (HTTP + gRPC): 127.0.0.1:9399
I1006 14:51:20.031297   12108 dev.go:102] Listening on address (HTTP + gRPC): [::1]:9399
I1006 14:51:25.009826   12108 migrate.go:24] Running migration SQL:
Step 1: CREATE EXTENSION IF NOT EXISTS "uuid-ossp"
Step 2: CREATE TABLE "public"."movie" ("id" uuid NOT NULL DEFAULT uuid_generate_v4(), "genre" text NULL, "image_url" text NOT NULL, "title" text NOT NULL, PRIMARY KEY ("id"))
Step 3: CREATE TABLE "public"."user" ("id" text NOT NULL, "username" character varying(50) NOT NULL, PRIMARY KEY ("id"))
Step 4: CREATE TABLE "public"."Reviews" ("movie_id" uuid NOT NULL, "user_id" text NOT NULL, "rating" integer NULL, "review_date" date NOT NULL, "review_text" text NULL, PRIMARY KEY ("movie_id", "user_id"), CONSTRAINT "Reviews_movie_id_fkey" FOREIGN KEY ("movie_id") REFERENCES "public"."movie" ("id") ON DELETE CASCADE, CONSTRAINT "Reviews_user_id_fkey" FOREIGN KEY ("user_id") REFERENCES "public"."user" ("id") ON DELETE CASCADE)
Step 5: CREATE INDEX "Reviews_movieId_idx" ON "public"."Reviews" ("movie_id")
Step 6: CREATE INDEX "Reviews_userId_idx" ON "public"."Reviews" ("user_id")
Step 7: CREATE TABLE "public"."movie_metadata" ("id" uuid NOT NULL DEFAULT uuid_generate_v4(), "movie_id" uuid NOT NULL, "description" text NULL, "rating" double precision NULL, "release_year" integer NULL, PRIMARY KEY ("id"), CONSTRAINT "movie_metadata_movie_id_fkey" FOREIGN KEY ("movie_id") REFERENCES "public"."movie" ("id") ON DELETE CASCADE)
Step 8: CREATE INDEX "movie_metadata_movieId_idx" ON "public"."movie_metadata" ("movie_id")
Step 9: CREATE UNIQUE INDEX "movie_metadata_movieId_uidx" ON "public"."movie_metadata" ("movie_id")
I1006 14:51:25.145103   12108 control.go:94] [/emulator/frontend 21b5] UpdateResources(): done
Main schema: sources: schema\schema.gql [1992B] 
Connector "example": sources: example\mutations.gql [1243B] example\queries.gql [1801B] 
